<?xml version="1.0" encoding="UTF-8"?>
<!-- Generated by org.testng.reporters.JUnitXMLReporter -->
<testsuite ignored="0" hostname="mb5140" failures="1" tests="1" name="first-selenium" time="10.249" errors="0" timestamp="2021-03-12T17:34:46 CET">
  <testcase classname="com.demoqa.tests.PractiseFormTest" name="positiveTestCasePractiseForm" time="3.281">
    <failure type="java.lang.AssertionError" message="expected [Mila Grkova] but found []">
      <![CDATA[java.lang.AssertionError: expected [Mila Grkova] but found []
at com.demoqa.pages.PractiseFormPage.checkIfTheInfoIsCorrect(PractiseFormPage.java:146)
at com.demoqa.tests.PractiseFormTest.positiveTestCasePractiseForm(PractiseFormTest.java:39)
at java.base/java.util.ArrayList.forEach(ArrayList.java:1541)
at com.intellij.rt.testng.IDEARemoteTestNG.run(IDEARemoteTestNG.java:66)
at com.intellij.rt.testng.RemoteTestNGStarter.main(RemoteTestNGStarter.java:110)
... Removed 29 stack frames]]>
    </failure>
  </testcase> <!-- positiveTestCasePractiseForm -->
</testsuite> <!-- first-selenium -->
